0 info it worked if it ends with ok
1 verbose cli [ 'D:\\workstation\\javascript_workstation\\nodejs\\\\node.exe',
1 verbose cli   'D:\\workstation\\javascript_workstation\\nodejs\\node_modules\\npm\\bin\\npm-cli.js',
1 verbose cli   'install',
1 verbose cli   'understore' ]
2 info using npm@1.4.28
3 info using node@v0.10.32
4 verbose node symlink D:\workstation\javascript_workstation\nodejs\\node.exe
5 verbose readDependencies using package.json deps
6 verbose cache add [ 'understore', null ]
7 verbose cache add name=undefined spec="understore" args=["understore",null]
8 verbose parsed url { protocol: null,
8 verbose parsed url   slashes: null,
8 verbose parsed url   auth: null,
8 verbose parsed url   host: null,
8 verbose parsed url   port: null,
8 verbose parsed url   hostname: null,
8 verbose parsed url   hash: null,
8 verbose parsed url   search: null,
8 verbose parsed url   query: null,
8 verbose parsed url   pathname: 'understore',
8 verbose parsed url   path: 'understore',
8 verbose parsed url   href: 'understore' }
9 silly lockFile 07dafc0f-understore understore
10 verbose lock understore C:\Users\VAIO\AppData\Roaming\npm-cache\07dafc0f-understore.lock
11 silly lockFile 07dafc0f-understore understore
12 silly lockFile 07dafc0f-understore understore
13 verbose addNamed [ 'understore', '' ]
14 verbose addNamed [ null, '*' ]
15 silly lockFile 45f2b362-understore understore@
16 verbose lock understore@ C:\Users\VAIO\AppData\Roaming\npm-cache\45f2b362-understore.lock
17 silly addNameRange { name: 'understore', range: '*', hasData: false }
18 verbose request where is /understore
19 verbose request registry https://registry.npmjs.org/
20 verbose request id 6f4873a1e5006154
21 verbose url raw /understore
22 verbose url resolving [ 'https://registry.npmjs.org/', './understore' ]
23 verbose url resolved https://registry.npmjs.org/understore
24 verbose request where is https://registry.npmjs.org/understore
25 info trying registry request attempt 1 at 23:08:41
26 http GET https://registry.npmjs.org/understore
27 http 404 https://registry.npmjs.org/understore
28 verbose headers { date: 'Sun, 26 Apr 2015 15:08:45 GMT',
28 verbose headers   server: 'CouchDB/1.5.0 (Erlang OTP/R16B03)',
28 verbose headers   'content-type': 'application/json',
28 verbose headers   'cache-control': 'max-age=0',
28 verbose headers   'content-length': '51',
28 verbose headers   'accept-ranges': 'bytes',
28 verbose headers   via: '1.1 varnish',
28 verbose headers   age: '0',
28 verbose headers   'x-served-by': 'cache-nrt6122-NRT',
28 verbose headers   'x-cache': 'MISS',
28 verbose headers   'x-cache-hits': '0',
28 verbose headers   'x-timer': 'S1430060924.363619,VS0,VE779',
28 verbose headers   'keep-alive': 'timeout=10, max=50',
28 verbose headers   connection: 'Keep-Alive' }
29 silly registry.get cb [ 404,
29 silly registry.get   { date: 'Sun, 26 Apr 2015 15:08:45 GMT',
29 silly registry.get     server: 'CouchDB/1.5.0 (Erlang OTP/R16B03)',
29 silly registry.get     'content-type': 'application/json',
29 silly registry.get     'cache-control': 'max-age=0',
29 silly registry.get     'content-length': '51',
29 silly registry.get     'accept-ranges': 'bytes',
29 silly registry.get     via: '1.1 varnish',
29 silly registry.get     age: '0',
29 silly registry.get     'x-served-by': 'cache-nrt6122-NRT',
29 silly registry.get     'x-cache': 'MISS',
29 silly registry.get     'x-cache-hits': '0',
29 silly registry.get     'x-timer': 'S1430060924.363619,VS0,VE779',
29 silly registry.get     'keep-alive': 'timeout=10, max=50',
29 silly registry.get     connection: 'Keep-Alive' } ]
30 silly lockFile 45f2b362-understore understore@
31 silly lockFile 45f2b362-understore understore@
32 error 404 404 Not Found: understore
32 error 404
32 error 404 'understore' is not in the npm registry.
32 error 404 You should bug the author to publish it
32 error 404 It was specified as a dependency of 'javascriptlab'
32 error 404
32 error 404 Note that you can also install from a
32 error 404 tarball, folder, or http url, or git url.
33 error System Windows_NT 6.1.7601
34 error command "D:\\workstation\\javascript_workstation\\nodejs\\\\node.exe" "D:\\workstation\\javascript_workstation\\nodejs\\node_modules\\npm\\bin\\npm-cli.js" "install" "understore"
35 error cwd D:\workstation\git_repositories\javascriptlab\javascriptlab\javascriptlab
36 error node -v v0.10.32
37 error npm -v 1.4.28
38 error code E404
39 verbose exit [ 1, true ]
